#
# A fatal error has been detected by the Java Runtime Environment:
#
#  SIGSEGV (0xb) at pc=0x00007fff6d469678, pid=10904, tid=0x0000000000000307
#
# JRE version: Java(TM) SE Runtime Environment (8.0_261-b12) (build 1.8.0_261-b12)
# Java VM: Java HotSpot(TM) 64-Bit Server VM (25.261-b12 mixed mode bsd-amd64 compressed oops)
# Problematic frame:
# C  [libobjc.A.dylib+0x8678]  objc_release+0x18
#
# Failed to write learning.core dump. Core dumps have been disabled. To enable learning.core dumping, try "ulimit -c unlimited" before starting Java again
#
# If you would like to submit a bug report, please visit:
#   http://bugreport.java.com/bugreport/crash.jsp
# The crash happened outside the Java Virtual Machine in native code.
# See problematic frame for where to report the bug.
#

---------------  T H R E A D  ---------------

Current thread (0x00007f96a0a34000):  JavaThread "JavaFX Application Thread" [_thread_in_native, id=775, stack(0x00007ffee702f000,0x00007ffee782f000)]

siginfo: si_signo: 11 (SIGSEGV), si_code: 1 (SEGV_MAPERR), si_addr: 0x0000000000000020

Registers:
RAX=0x0000000000000000, RBX=0x00007f96a0a3c000, RCX=0x00007f96a0a3c068, RDX=0x0000000000044250
RSP=0x00007ffee782a438, RBP=0x00007ffee782a460, RSI=0x00007f969ff00000, RDI=0x00007f969ff804a0
R8 =0x000000000000310a, R9 =0x0000000000000000, R10=0x00007f969ff00000, R11=0x00007f969ff7c0c0
R12=0x0000000000000000, R13=0x00007f969fce7c80, R14=0x00007f96a0a3c058, R15=0xa3a3a3a3a3a3a3a3
RIP=0x00007fff6d469678, EFLAGS=0x0000000000010246, ERR=0x0000000000000004
  TRAPNO=0x000000000000000e

Top of Stack: (sp=0x00007ffee782a438)
0x00007ffee782a438:   00007fff6d485054 011dffff8c662a00
0x00007ffee782a448:   00007f96a0a3c000 0000000000000000
0x00007ffee782a458:   00007fff6d469660 00007ffee782a480
0x00007ffee782a468:   00007fff6d469dba 011dffff8c662a49
0x00007ffee782a478:   00007f96a0a3c058 00007ffee782a4a0
0x00007ffee782a488:   00007fff34708a85 011dffff8c662a49
0x00007ffee782a498:   00007fff6d469660 00007ffee782a510
0x00007ffee782a4a8:   00007fff36e1f153 00007f96a0a3c058
0x00007ffee782a4b8:   00007f96a4f2e8f0 00007fff7899fd39
0x00007ffee782a4c8:   00007f969fc0e0c0 00007fff789a73ce
0x00007ffee782a4d8:   00007fff789b7c10 00007fff789a73d3
0x00007ffee782a4e8:   00007fff36e1f011 0000000000000001
0x00007ffee782a4f8:   0000000000000000 00007f96a4f2e8f0
0x00007ffee782a508:   0000000300002e88 00007ffee782a520
0x00007ffee782a518:   00007fff3474ad52 00007ffee782a550
0x00007ffee782a528:   00007fff3474acf1 00007f96a4f47c00
0x00007ffee782a538:   00007f969fc0ebf0 0000000000000001
0x00007ffee782a548:   0000000000000002 00007ffee782a5c0
0x00007ffee782a558:   00007fff3474ab67 00007f969fc0ea90
0x00007ffee782a568:   0000000000000001 00007f969fc0ec00
0x00007ffee782a578:   00007f969fc0eaa0 00000001e782a5c0
0x00007ffee782a588:   00007f969ffbe0b0 57af2106926c0052
0x00007ffee782a598:   00007f969fc0ea90 0000000000000001
0x00007ffee782a5a8:   0000000000001301 0000000000000c03
0x00007ffee782a5b8:   00007f969fc0ebf0 00007ffee782b2d0
0x00007ffee782a5c8:   00007fff3474983a 0000000126e60090
0x00007ffee782a5d8:   00000007c01a6db8 0000000126e60090
0x00007ffee782a5e8:   0000000000001303 0000000000001103
0x00007ffee782a5f8:   00007fff8bfb7cc0 00007fff789a09a1
0x00007ffee782a608:   00007fff789b3f27 00007fff789a59e8
0x00007ffee782a618:   00007f969ff83030 ffffffffffffffff
0x00007ffee782a628:   00007f969ff83040 00007f969fc0ec00 

Instructions: (pc=0x00007fff6d469678)
0x00007fff6d469658:   90 90 e9 60 3e 00 00 90 48 85 ff 74 64 40 f6 c7
0x00007fff6d469668:   01 75 5e 48 b8 f8 ff ff ff ff 7f 00 00 48 23 07
0x00007fff6d469678:   f6 40 20 04 74 69 48 b9 00 00 00 00 00 00 00 01
0x00007fff6d469688:   48 ba 00 00 00 00 00 00 40 00 48 8b 07 a8 01 74 

Register to memory mapping:

RAX=0x0000000000000000 is an unknown value
RBX=0x00007f96a0a3c000 is an unknown value
RCX=0x00007f96a0a3c068 is an unknown value
RDX=0x0000000000044250 is an unknown value
RSP=0x00007ffee782a438 is pointing into the stack for thread: 0x00007f96a0a34000
RBP=0x00007ffee782a460 is pointing into the stack for thread: 0x00007f96a0a34000
RSI=0x00007f969ff00000 is an unknown value
RDI=0x00007f969ff804a0 is an unknown value
R8 =0x000000000000310a is an unknown value
R9 =0x0000000000000000 is an unknown value
R10=0x00007f969ff00000 is an unknown value
R11=0x00007f969ff7c0c0 is an unknown value
R12=0x0000000000000000 is an unknown value
R13=0x00007f969fce7c80 is an unknown value
R14=0x00007f96a0a3c058 is an unknown value
R15=0xa3a3a3a3a3a3a3a3 is an unknown value


Stack: [0x00007ffee702f000,0x00007ffee782f000],  sp=0x00007ffee782a438,  free space=8173k
Native frames: (J=compiled Java code, j=interpreted, Vv=VM code, C=native code)
C  [libobjc.A.dylib+0x8678]  objc_release+0x18
C  [libobjc.A.dylib+0x8dba]  objc_autoreleasePoolPop+0xaf
C  [CoreFoundation+0x41a85]  _CFAutoreleasePoolPop+0x16
C  [Foundation+0x9b153]  __NSThreadPerformPerform+0x142
C  [CoreFoundation+0x83d52]  __CFRUNLOOP_IS_CALLING_OUT_TO_A_SOURCE0_PERFORM_FUNCTION__+0x11
C  [CoreFoundation+0x83cf1]  __CFRunLoopDoSource0+0x67
C  [CoreFoundation+0x83b67]  __CFRunLoopDoSources0+0x12d
C  [CoreFoundation+0x8283a]  __CFRunLoopRun+0x39f
C  [CoreFoundation+0x81e3e]  CFRunLoopRunSpecific+0x1ce
C  [HIToolbox+0x2fabd]  RunCurrentEventLoopInMode+0x124
C  [HIToolbox+0x2f6f4]  ReceiveNextEventCommon+0x167
C  [HIToolbox+0x2f579]  _BlockUntilNextEventMatchingListInModeWithFilter+0x40
C  [AppKit+0x41039]  _DPSNextEvent+0x373
C  [AppKit+0x3f880]  -[NSApplication(NSEvent) _nextEventMatchingEventMask:untilDate:inMode:dequeue:]+0x548
C  [AppKit+0x3158e]  -[NSApplication run]+0x292
C  [libglass.dylib+0x7379]  -[GlassApplication runLoop:]+0x769
C  [Foundation+0x9b0dd]  __NSThreadPerformPerform+0xcc
C  [CoreFoundation+0x83d52]  __CFRUNLOOP_IS_CALLING_OUT_TO_A_SOURCE0_PERFORM_FUNCTION__+0x11
C  [CoreFoundation+0x83cf1]  __CFRunLoopDoSource0+0x67
C  [CoreFoundation+0x83b0b]  __CFRunLoopDoSources0+0xd1
C  [CoreFoundation+0x8283a]  __CFRunLoopRun+0x39f
C  [CoreFoundation+0x81e3e]  CFRunLoopRunSpecific+0x1ce
C  [java+0x5312]  CreateExecutionEnvironment+0x37e
C  [java+0x183e]  JLI_Launch+0x75e
C  [java+0x7c79]  main+0x44
C  [libdyld.dylib+0x1acc9]  start+0x1
C  0x0000000000000006


---------------  P R O C E S S  ---------------

Java Threads: ( => current thread )
  0x00007f96a0baf800 JavaThread "PulseTimer-CVDisplayLink thread" daemon [_thread_in_native, id=66071, stack(0x0000700006804000,0x0000700006884000)]
  0x00007f96a0223800 JavaThread "Java2D Disposer" daemon [_thread_blocked, id=58899, stack(0x0000700006a0d000,0x0000700006b0d000)]
  0x00007f96a020a000 JavaThread "Java2D Queue Flusher" daemon [_thread_blocked, id=57355, stack(0x000070000690a000,0x0000700006a0a000)]
  0x00007f96a19e8000 JavaThread "JavaFX-Launcher" [_thread_blocked, id=82951, stack(0x00007000065fb000,0x00007000066fb000)]
  0x00007f96a0a44800 JavaThread "Attach Listener" daemon [_thread_blocked, id=38663, stack(0x00007000062ec000,0x00007000063ec000)]
=>0x00007f96a0a34000 JavaThread "JavaFX Application Thread" [_thread_in_native, id=775, stack(0x00007ffee702f000,0x00007ffee782f000)]
  0x00007f96a1106800 JavaThread "Thread-1" daemon [_thread_blocked, id=40711, stack(0x00007000061e9000,0x00007000062e9000)]
  0x00007f96a189b000 JavaThread "QuantumRenderer-0" daemon [_thread_blocked, id=14339, stack(0x00007000060e6000,0x00007000061e6000)]
  0x00007f96a187c800 JavaThread "Service Thread" daemon [_thread_blocked, id=16899, stack(0x0000700005ee0000,0x0000700005fe0000)]
  0x00007f96a08bb800 JavaThread "C1 CompilerThread2" daemon [_thread_in_native, id=13571, stack(0x0000700005ddd000,0x0000700005edd000)]
  0x00007f96a003e800 JavaThread "C2 CompilerThread1" daemon [_thread_blocked, id=13059, stack(0x0000700005cda000,0x0000700005dda000)]
  0x00007f96a186b800 JavaThread "C2 CompilerThread0" daemon [_thread_blocked, id=12803, stack(0x0000700005bd7000,0x0000700005cd7000)]
  0x00007f96a186a000 JavaThread "Monitor Ctrl-Break" daemon [_thread_in_native, id=17667, stack(0x0000700005ad4000,0x0000700005bd4000)]
  0x00007f96a1809800 JavaThread "Signal Dispatcher" daemon [_thread_blocked, id=17923, stack(0x00007000059d1000,0x0000700005ad1000)]
  0x00007f96a100b800 JavaThread "Finalizer" daemon [_thread_blocked, id=11267, stack(0x00007000057c8000,0x00007000058c8000)]
  0x00007f96a0835000 JavaThread "Reference Handler" daemon [_thread_blocked, id=11011, stack(0x00007000056c5000,0x00007000057c5000)]
  0x00007f96a0011000 JavaThread "main" [_thread_blocked, id=3587, stack(0x00007000050b3000,0x00007000051b3000)]

Other Threads:
  0x00007f96a0830000 VMThread [stack: 0x00007000055c2000,0x00007000056c2000] [id=21251]
  0x00007f96a0041800 WatcherThread [stack: 0x0000700005fe3000,0x00007000060e3000] [id=14083]

VM state:not at safepoint (normal execution)

VM Mutex/Monitor currently owned by a thread: None

heap address: 0x0000000740000000, size: 2048 MB, Compressed Oops mode: Zero based, Oop shift amount: 3
Narrow klass base: 0x0000000000000000, Narrow klass shift: 3
Compressed class space size: 1073741824 Address: 0x00000007c0000000

Heap:
 PSYoungGen      total 38400K, used 13951K [0x0000000795580000, 0x0000000798000000, 0x00000007c0000000)
  eden space 33280K, 26% used [0x0000000795580000,0x0000000795e26188,0x0000000797600000)
  from space 5120K, 99% used [0x0000000797600000,0x0000000797af9ab0,0x0000000797b00000)
  to   space 5120K, 0% used [0x0000000797b00000,0x0000000797b00000,0x0000000798000000)
 ParOldGen       total 87552K, used 1152K [0x0000000740000000, 0x0000000745580000, 0x0000000795580000)
  object space 87552K, 1% used [0x0000000740000000,0x00000007401200a8,0x0000000745580000)
 Metaspace       used 13361K, capacity 13822K, committed 13952K, reserved 1060864K
  class space    used 1688K, capacity 1845K, committed 1920K, reserved 1048576K

Card table byte_map: [0x0000000109e8b000,0x000000010a28c000] byte_map_base: 0x000000010648b000

Marking Bits: (ParMarkBitMap*) 0x0000000109328748
 Begin Bits: [0x000000010a537000, 0x000000010c537000)
 End Bits:   [0x000000010c537000, 0x000000010e537000)

Polling page: 0x00000001083fd000

CodeCache: size=245760Kb used=3117Kb max_used=3117Kb free=242642Kb
 bounds [0x000000010e873000, 0x000000010eb83000, 0x000000011d873000]
 total_blobs=1425 nmethods=735 adapters=604
 compilation: enabled

Compilation events (10 events):
Event: 5.367 Thread 0x00007f96a08bb800 nmethod 730 0x000000010eb7b510 code [0x000000010eb7b700, 0x000000010eb7bfb8]
Event: 5.367 Thread 0x00007f96a08bb800  731       3       java.lang.ref.Reference::clear (6 bytes)
Event: 5.367 Thread 0x00007f96a08bb800 nmethod 731 0x000000010eb7b1d0 code [0x000000010eb7b320, 0x000000010eb7b490]
Event: 5.368 Thread 0x00007f96a08bb800  732       3       java.lang.ref.Finalizer::access$000 (4 bytes)
Event: 5.368 Thread 0x00007f96a08bb800 nmethod 732 0x000000010eb7aed0 code [0x000000010eb7b020, 0x000000010eb7b170]
Event: 5.369 Thread 0x00007f96a08bb800  733       3       java.lang.ref.Finalizer::access$100 (6 bytes)
Event: 5.370 Thread 0x00007f96a08bb800 nmethod 733 0x000000010eb7ab50 code [0x000000010eb7acc0, 0x000000010eb7ae28]
Event: 5.370 Thread 0x00007f96a08bb800  734   !   3       java.lang.ref.Finalizer::runFinalizer (62 bytes)
Event: 5.374 Thread 0x00007f96a08bb800 nmethod 734 0x000000010eb7d690 code [0x000000010eb7d840, 0x000000010eb7e0b8]
Event: 5.375 Thread 0x00007f96a08bb800  735       3       java.lang.ref.Finalizer::hasBeenFinalized (14 bytes)

GC Heap History (2 events):
Event: 4.937 GC heap before
{Heap before GC invocations=1 (full 0):
 PSYoungGen      total 38400K, used 33280K [0x0000000795580000, 0x0000000798000000, 0x00000007c0000000)
  eden space 33280K, 100% used [0x0000000795580000,0x0000000797600000,0x0000000797600000)
  from space 5120K, 0% used [0x0000000797b00000,0x0000000797b00000,0x0000000798000000)
  to   space 5120K, 0% used [0x0000000797600000,0x0000000797600000,0x0000000797b00000)
 ParOldGen       total 87552K, used 0K [0x0000000740000000, 0x0000000745580000, 0x0000000795580000)
  object space 87552K, 0% used [0x0000000740000000,0x0000000740000000,0x0000000745580000)
 Metaspace       used 11213K, capacity 11512K, committed 11776K, reserved 1058816K
  class space    used 1367K, capacity 1488K, committed 1536K, reserved 1048576K
Event: 4.956 GC heap after
Heap after GC invocations=1 (full 0):
 PSYoungGen      total 38400K, used 5094K [0x0000000795580000, 0x0000000798000000, 0x00000007c0000000)
  eden space 33280K, 0% used [0x0000000795580000,0x0000000795580000,0x0000000797600000)
  from space 5120K, 99% used [0x0000000797600000,0x0000000797af9ab0,0x0000000797b00000)
  to   space 5120K, 0% used [0x0000000797b00000,0x0000000797b00000,0x0000000798000000)
 ParOldGen       total 87552K, used 1152K [0x0000000740000000, 0x0000000745580000, 0x0000000795580000)
  object space 87552K, 1% used [0x0000000740000000,0x00000007401200a8,0x0000000745580000)
 Metaspace       used 11213K, capacity 11512K, committed 11776K, reserved 1058816K
  class space    used 1367K, capacity 1488K, committed 1536K, reserved 1048576K
}

Deoptimization events (2 events):
Event: 1.900 Thread 0x00007f96a0011000 Uncommon trap: reason=unstable_if action=reinterpret pc=0x000000010ea2e0cc method=java.lang.String.replace(CC)Ljava/lang/String; @ 26
Event: 1.913 Thread 0x00007f96a0011000 Uncommon trap: reason=unstable_if action=reinterpret pc=0x000000010ea77b4c method=java.lang.String.indexOf([CII[CIII)I @ 3

Classes redefined (0 events):
No events

Internal exceptions (10 events):
Event: 0.621 Thread 0x00007f96a0011000 Exception <a 'java/lang/NullPointerException'> (0x0000000795a6b360) thrown at [/jenkins/workspace/8-2-build-macosx-x86_64/jdk8u261/295/hotspot/src/share/vm/interpreter/linkResolver.cpp, line 1185]
Event: 1.999 Thread 0x00007f96a0011000 Exception <a 'sun/nio/fs/UnixException'> (0x0000000796638d18) thrown at [/jenkins/workspace/8-2-build-macosx-x86_64/jdk8u261/295/hotspot/src/share/vm/prims/jni.cpp, line 710]
Event: 2.001 Thread 0x00007f96a0011000 Exception <a 'sun/nio/fs/UnixException'> (0x000000079663a3f8) thrown at [/jenkins/workspace/8-2-build-macosx-x86_64/jdk8u261/295/hotspot/src/share/vm/prims/jni.cpp, line 710]
Event: 2.001 Thread 0x00007f96a0011000 Exception <a 'sun/nio/fs/UnixException'> (0x000000079663aa18) thrown at [/jenkins/workspace/8-2-build-macosx-x86_64/jdk8u261/295/hotspot/src/share/vm/prims/jni.cpp, line 710]
Event: 2.001 Thread 0x00007f96a0011000 Exception <a 'sun/nio/fs/UnixException'> (0x000000079663b028) thrown at [/jenkins/workspace/8-2-build-macosx-x86_64/jdk8u261/295/hotspot/src/share/vm/prims/jni.cpp, line 710]
Event: 2.001 Thread 0x00007f96a0011000 Exception <a 'sun/nio/fs/UnixException'> (0x000000079663b620) thrown at [/jenkins/workspace/8-2-build-macosx-x86_64/jdk8u261/295/hotspot/src/share/vm/prims/jni.cpp, line 710]
Event: 4.733 Thread 0x00007f96a0a34000 Exception <a 'java/io/FileNotFoundException'> (0x00000007968402b8) thrown at [/jenkins/workspace/8-2-build-macosx-x86_64/jdk8u261/295/hotspot/src/share/vm/prims/jni.cpp, line 710]
Event: 4.733 Thread 0x00007f96a0a34000 Exception <a 'java/io/FileNotFoundException'> (0x0000000796840e68) thrown at [/jenkins/workspace/8-2-build-macosx-x86_64/jdk8u261/295/hotspot/src/share/vm/prims/jni.cpp, line 710]
Event: 4.927 Thread 0x00007f96a0a34000 Exception <a 'java/lang/NullPointerException'> (0x00000007975950e0) thrown at [/jenkins/workspace/8-2-build-macosx-x86_64/jdk8u261/295/hotspot/src/share/vm/interpreter/linkResolver.cpp, line 1185]
Event: 4.927 Thread 0x00007f96a0a34000 Exception <a 'java/lang/NullPointerException'> (0x00000007975950e0) thrown at [/jenkins/workspace/8-2-build-macosx-x86_64/jdk8u261/295/hotspot/src/share/vm/prims/jvm.cpp, line 1516]

Events (10 events):
Event: 5.385 loading class javafx/event/Event
Event: 5.385 loading class javafx/event/Event done
Event: 5.385 loading class javafx/scene/Node
Event: 5.385 loading class javafx/scene/Node done
Event: 5.387 loading class com/sun/javafx/collections/SetListenerHelper
Event: 5.387 loading class com/sun/javafx/collections/SetListenerHelper done
Event: 5.387 loading class com/sun/javafx/collections/SetListenerHelper$SingleChange
Event: 5.387 loading class com/sun/javafx/collections/SetListenerHelper$SingleChange done
Event: 5.387 loading class com/sun/javafx/collections/SetListenerHelper$SingleInvalidation
Event: 5.387 loading class com/sun/javafx/collections/SetListenerHelper$SingleInvalidation done


Dynamic libraries:
0x00007fff33825000 	/System/Library/Frameworks/Cocoa.framework/Versions/A/Cocoa
0x00007fff4101a000 	/System/Library/Frameworks/Security.framework/Versions/A/Security
0x00007fff3278a000 	/System/Library/Frameworks/ApplicationServices.framework/Versions/A/ApplicationServices
0x00007fff6db3d000 	/usr/lib/libz.1.dylib
0x00007fff6b601000 	/usr/lib/libSystem.B.dylib
0x00007fff346c7000 	/System/Library/Frameworks/CoreFoundation.framework/Versions/A/CoreFoundation
0x00007fff36d84000 	/System/Library/Frameworks/Foundation.framework/Versions/C/Foundation
0x00007fff6d461000 	/usr/lib/libobjc.A.dylib
0x00007fff3197a000 	/System/Library/Frameworks/AppKit.framework/Versions/C/AppKit
0x00007fff341a9000 	/System/Library/Frameworks/CoreData.framework/Versions/A/CoreData
0x00007fff65617000 	/System/Library/PrivateFrameworks/UIFoundation.framework/Versions/A/UIFoundation
0x00007fff606ab000 	/System/Library/PrivateFrameworks/RemoteViewServices.framework/Versions/A/RemoteViewServices
0x00007fff68171000 	/System/Library/PrivateFrameworks/XCTTargetBootstrap.framework/Versions/A/XCTTargetBootstrap
0x00007fff34594000 	/System/Library/Frameworks/CoreDisplay.framework/Versions/A/CoreDisplay
0x00007fff39c3e000 	/System/Library/Frameworks/Metal.framework/Versions/A/Metal
0x00007fff4e6ae000 	/System/Library/PrivateFrameworks/DesktopServicesPriv.framework/Versions/A/DesktopServicesPriv
0x00007fff6c73c000 	/usr/lib/liblangid.dylib
0x00007fff4d943000 	/System/Library/PrivateFrameworks/CoreSVG.framework/Versions/A/CoreSVG
0x00007fff63807000 	/System/Library/PrivateFrameworks/SkyLight.framework/Versions/A/SkyLight
0x00007fff34b48000 	/System/Library/Frameworks/CoreGraphics.framework/Versions/A/CoreGraphics
0x00007fff3034e000 	/System/Library/Frameworks/Accelerate.framework/Versions/A/Accelerate
0x00007fff6da2e000 	/usr/lib/libxml2.2.dylib
0x00007fff59636000 	/System/Library/PrivateFrameworks/IconServices.framework/Versions/A/IconServices
0x00007fff37563000 	/System/Library/Frameworks/IOSurface.framework/Versions/A/IOSurface
0x00007fff6b12b000 	/usr/lib/libDiagnosticMessagesClient.dylib
0x00007fff4e508000 	/System/Library/PrivateFrameworks/DFRFoundation.framework/Versions/A/DFRFoundation
0x00007fff6c4cb000 	/usr/lib/libicucore.A.dylib
0x00007fff32abc000 	/System/Library/Frameworks/AudioToolbox.framework/Versions/A/AudioToolbox
0x00007fff32b9f000 	/System/Library/Frameworks/AudioUnit.framework/Versions/A/AudioUnit
0x00007fff6b803000 	/usr/lib/libauto.dylib
0x00007fff4e5aa000 	/System/Library/PrivateFrameworks/DataDetectorsCore.framework/Versions/A/DataDetectorsCore
0x00007fff33346000 	/System/Library/Frameworks/Carbon.framework/Versions/A/Frameworks/HIToolbox.framework/Versions/A/HIToolbox
0x00007fff40216000 	/System/Library/Frameworks/QuartzCore.framework/Versions/A/QuartzCore
0x00007fff33685000 	/System/Library/Frameworks/Carbon.framework/Versions/A/Frameworks/SpeechRecognition.framework/Versions/A/SpeechRecognition
0x00007fff4e01c000 	/System/Library/PrivateFrameworks/CoreUI.framework/Versions/A/CoreUI
0x00007fff33c14000 	/System/Library/Frameworks/CoreAudio.framework/Versions/A/CoreAudio
0x00007fff36a43000 	/System/Library/Frameworks/DiskArbitration.framework/Versions/A/DiskArbitration
0x00007fff5b686000 	/System/Library/PrivateFrameworks/MultitouchSupport.framework/Versions/A/MultitouchSupport
0x00007fff6c392000 	/usr/lib/libenergytrace.dylib
0x00007fff374bd000 	/System/Library/Frameworks/IOKit.framework/Versions/A/IOKit
0x00007fff35aaf000 	/System/Library/Frameworks/CoreServices.framework/Versions/A/CoreServices
0x00007fff5d83e000 	/System/Library/PrivateFrameworks/PerformanceAnalysis.framework/Versions/A/PerformanceAnalysis
0x00007fff3f249000 	/System/Library/Frameworks/OpenGL.framework/Versions/A/OpenGL
0x00007fff33833000 	/System/Library/Frameworks/ColorSync.framework/Versions/A/ColorSync
0x00007fff351cb000 	/System/Library/Frameworks/CoreImage.framework/Versions/A/CoreImage
0x00007fff36522000 	/System/Library/Frameworks/CoreText.framework/Versions/A/CoreText
0x00007fff375f3000 	/System/Library/Frameworks/ImageIO.framework/Versions/A/ImageIO
0x00007fff6b8e7000 	/usr/lib/libc++.1.dylib
0x00007fff6b963000 	/usr/lib/libcompression.dylib
0x00007fff6b46f000 	/usr/lib/libMobileGestalt.dylib
0x00007fff65381000 	/System/Library/PrivateFrameworks/TextureIO.framework/Versions/A/TextureIO
0x00007fff6b766000 	/usr/lib/libate.dylib
0x00007fff5983f000 	/System/Library/PrivateFrameworks/InternationalSupport.framework/Versions/A/InternationalSupport
0x00007fff6e3fe000 	/usr/lib/system/libcache.dylib
0x00007fff6e404000 	/usr/lib/system/libcommonCrypto.dylib
0x00007fff6e410000 	/usr/lib/system/libcompiler_rt.dylib
0x00007fff6e418000 	/usr/lib/system/libcopyfile.dylib
0x00007fff6e422000 	/usr/lib/system/libcorecrypto.dylib
0x00007fff6e5c1000 	/usr/lib/system/libdispatch.dylib
0x00007fff6e602000 	/usr/lib/system/libdyld.dylib
0x00007fff6e639000 	/usr/lib/system/libkeymgr.dylib
0x00007fff6e647000 	/usr/lib/system/liblaunch.dylib
0x00007fff6e648000 	/usr/lib/system/libmacho.dylib
0x00007fff6e64e000 	/usr/lib/system/libquarantine.dylib
0x00007fff6e651000 	/usr/lib/system/libremovefile.dylib
0x00007fff6e653000 	/usr/lib/system/libsystem_asl.dylib
0x00007fff6e66b000 	/usr/lib/system/libsystem_blocks.dylib
0x00007fff6e66c000 	/usr/lib/system/libsystem_c.dylib
0x00007fff6e6f4000 	/usr/lib/system/libsystem_configuration.dylib
0x00007fff6e6f8000 	/usr/lib/system/libsystem_coreservices.dylib
0x00007fff6e6fc000 	/usr/lib/system/libsystem_darwin.dylib
0x00007fff6e705000 	/usr/lib/system/libsystem_dnssd.dylib
0x00007fff6e70d000 	/usr/lib/system/libsystem_featureflags.dylib
0x00007fff6e70f000 	/usr/lib/system/libsystem_info.dylib
0x00007fff6e78a000 	/usr/lib/system/libsystem_m.dylib
0x00007fff6e7d2000 	/usr/lib/system/libsystem_malloc.dylib
0x00007fff6e7fa000 	/usr/lib/system/libsystem_networkextension.dylib
0x00007fff6e808000 	/usr/lib/system/libsystem_notify.dylib
0x00007fff6e826000 	/usr/lib/system/libsystem_sandbox.dylib
0x00007fff6e82b000 	/usr/lib/system/libsystem_secinit.dylib
0x00007fff6e75d000 	/usr/lib/system/libsystem_kernel.dylib
0x00007fff6e812000 	/usr/lib/system/libsystem_platform.dylib
0x00007fff6e81b000 	/usr/lib/system/libsystem_pthread.dylib
0x00007fff6e82e000 	/usr/lib/system/libsystem_symptoms.dylib
0x00007fff6e836000 	/usr/lib/system/libsystem_trace.dylib
0x00007fff6e84e000 	/usr/lib/system/libunwind.dylib
0x00007fff6e854000 	/usr/lib/system/libxpc.dylib
0x00007fff6b93a000 	/usr/lib/libc++abi.dylib
0x00007fff6c73e000 	/usr/lib/liblzma.5.dylib
0x00007fff6c3b9000 	/usr/lib/libfakelink.dylib
0x00007fff6b6f3000 	/usr/lib/libarchive.2.dylib
0x00007fff420cb000 	/System/Library/Frameworks/SystemConfiguration.framework/Versions/A/SystemConfiguration
0x00007fff6b05e000 	/usr/lib/libCRFSuite.dylib
0x00007fff32f36000 	/System/Library/Frameworks/CFNetwork.framework/Versions/A/CFNetwork
0x00007fff6b8c9000 	/usr/lib/libbsm.0.dylib
0x00007fff6e63a000 	/usr/lib/system/libkxld.dylib
0x00007fff47e85000 	/System/Library/PrivateFrameworks/AppleFSCompression.framework/Versions/A/AppleFSCompression
0x00007fff6bc54000 	/usr/lib/libcoretls.dylib
0x00007fff6bc6b000 	/usr/lib/libcoretls_cfhelpers.dylib
0x00007fff6d4a7000 	/usr/lib/libpam.2.dylib
0x00007fff6d5dc000 	/usr/lib/libsqlite3.dylib
0x00007fff6da1b000 	/usr/lib/libxar.1.dylib
0x00007fff6b8da000 	/usr/lib/libbz2.1.0.dylib
0x00007fff6c3da000 	/usr/lib/libiconv.2.dylib
0x00007fff6b950000 	/usr/lib/libcharset.1.dylib
0x00007fff6cf44000 	/usr/lib/libnetwork.dylib
0x00007fff6d4ae000 	/usr/lib/libpcap.A.dylib
0x00007fff6b6a8000 	/usr/lib/libapple_nghttp2.dylib
0x00007fff35e66000 	/System/Library/Frameworks/CoreServices.framework/Versions/A/Frameworks/FSEvents.framework/Versions/A/FSEvents
0x00007fff35b36000 	/System/Library/Frameworks/CoreServices.framework/Versions/A/Frameworks/CarbonCore.framework/Versions/A/CarbonCore
0x00007fff360aa000 	/System/Library/Frameworks/CoreServices.framework/Versions/A/Frameworks/Metadata.framework/Versions/A/Metadata
0x00007fff36143000 	/System/Library/Frameworks/CoreServices.framework/Versions/A/Frameworks/OSServices.framework/Versions/A/OSServices
0x00007fff36171000 	/System/Library/Frameworks/CoreServices.framework/Versions/A/Frameworks/SearchKit.framework/Versions/A/SearchKit
0x00007fff35ab0000 	/System/Library/Frameworks/CoreServices.framework/Versions/A/Frameworks/AE.framework/Versions/A/AE
0x00007fff35e6f000 	/System/Library/Frameworks/CoreServices.framework/Versions/A/Frameworks/LaunchServices.framework/Versions/A/LaunchServices
0x00007fff35e18000 	/System/Library/Frameworks/CoreServices.framework/Versions/A/Frameworks/DictionaryServices.framework/Versions/A/DictionaryServices
0x00007fff361d9000 	/System/Library/Frameworks/CoreServices.framework/Versions/A/Frameworks/SharedFileList.framework/Versions/A/SharedFileList
0x00007fff3b068000 	/System/Library/Frameworks/NetFS.framework/Versions/A/NetFS
0x00007fff5bbb6000 	/System/Library/PrivateFrameworks/NetAuth.framework/Versions/A/NetAuth
0x00007fff6853e000 	/System/Library/PrivateFrameworks/login.framework/Versions/A/Frameworks/loginsupport.framework/Versions/A/loginsupport
0x00007fff64e4c000 	/System/Library/PrivateFrameworks/TCC.framework/Versions/A/TCC
0x00007fff4cab6000 	/System/Library/PrivateFrameworks/CoreNLP.framework/Versions/A/CoreNLP
0x00007fff5b0b3000 	/System/Library/PrivateFrameworks/MetadataUtilities.framework/Versions/A/MetadataUtilities
0x00007fff6c816000 	/usr/lib/libmecabra.dylib
0x00007fff6c76e000 	/usr/lib/libmecab.dylib
0x00007fff6c3ca000 	/usr/lib/libgermantok.dylib
0x00007fff6b68f000 	/usr/lib/libThaiTokenizer.dylib
0x00007fff6b095000 	/usr/lib/libChineseTokenizer.dylib
0x00007fff30366000 	/System/Library/Frameworks/Accelerate.framework/Versions/A/Frameworks/vImage.framework/Versions/A/vImage
0x00007fff317d0000 	/System/Library/Frameworks/Accelerate.framework/Versions/A/Frameworks/vecLib.framework/Versions/A/vecLib
0x00007fff3170d000 	/System/Library/Frameworks/Accelerate.framework/Versions/A/Frameworks/vecLib.framework/Versions/A/libvMisc.dylib
0x00007fff31535000 	/System/Library/Frameworks/Accelerate.framework/Versions/A/Frameworks/vecLib.framework/Versions/A/libvDSP.dylib
0x00007fff309bd000 	/System/Library/Frameworks/Accelerate.framework/Versions/A/Frameworks/vecLib.framework/Versions/A/libBLAS.dylib
0x00007fff310f9000 	/System/Library/Frameworks/Accelerate.framework/Versions/A/Frameworks/vecLib.framework/Versions/A/libLAPACK.dylib
0x00007fff31495000 	/System/Library/Frameworks/Accelerate.framework/Versions/A/Frameworks/vecLib.framework/Versions/A/libLinearAlgebra.dylib
0x00007fff31522000 	/System/Library/Frameworks/Accelerate.framework/Versions/A/Frameworks/vecLib.framework/Versions/A/libSparseBLAS.dylib
0x00007fff314ab000 	/System/Library/Frameworks/Accelerate.framework/Versions/A/Frameworks/vecLib.framework/Versions/A/libQuadrature.dylib
0x00007fff30c25000 	/System/Library/Frameworks/Accelerate.framework/Versions/A/Frameworks/vecLib.framework/Versions/A/libBNNS.dylib
0x00007fff314b1000 	/System/Library/Frameworks/Accelerate.framework/Versions/A/Frameworks/vecLib.framework/Versions/A/libSparse.dylib
0x00007fff59c27000 	/System/Library/PrivateFrameworks/LanguageModeling.framework/Versions/A/LanguageModeling
0x00007fff4c466000 	/System/Library/PrivateFrameworks/CoreEmoji.framework/Versions/A/CoreEmoji
0x00007fff59d45000 	/System/Library/PrivateFrameworks/LinguisticData.framework/Versions/A/LinguisticData
0x00007fff59cf6000 	/System/Library/PrivateFrameworks/Lexicon.framework/Versions/A/Lexicon
0x00007fff6b951000 	/usr/lib/libcmph.dylib
0x00007fff3dc57000 	/System/Library/Frameworks/OpenDirectory.framework/Versions/A/Frameworks/CFOpenDirectory.framework/Versions/A/CFOpenDirectory
0x00007fff3dc74000 	/System/Library/Frameworks/OpenDirectory.framework/Versions/A/OpenDirectory
0x00007fff460b5000 	/System/Library/PrivateFrameworks/APFS.framework/Versions/A/APFS
0x00007fff41364000 	/System/Library/Frameworks/SecurityFoundation.framework/Versions/A/SecurityFoundation
0x00007fff6da17000 	/usr/lib/libutil.dylib
0x00007fff4d99b000 	/System/Library/PrivateFrameworks/CoreServicesStore.framework/Versions/A/CoreServicesStore
0x00007fff4141b000 	/System/Library/Frameworks/ServiceManagement.framework/Versions/A/ServiceManagement
0x00007fff49655000 	/System/Library/PrivateFrameworks/BackgroundTaskManagement.framework/Versions/A/BackgroundTaskManagement
0x00007fff6db14000 	/usr/lib/libxslt.1.dylib
0x00007fff484f8000 	/System/Library/PrivateFrameworks/AppleSystemInfo.framework/Versions/A/AppleSystemInfo
0x00007fff3780e000 	/System/Library/Frameworks/ImageIO.framework/Versions/A/Resources/libJPEG.dylib
0x00007fff37acc000 	/System/Library/Frameworks/ImageIO.framework/Versions/A/Resources/libTIFF.dylib
0x00007fff37aaf000 	/System/Library/Frameworks/ImageIO.framework/Versions/A/Resources/libPng.dylib
0x00007fff37750000 	/System/Library/Frameworks/ImageIO.framework/Versions/A/Resources/libGIF.dylib
0x00007fff37754000 	/System/Library/Frameworks/ImageIO.framework/Versions/A/Resources/libJP2.dylib
0x00007fff37aca000 	/System/Library/Frameworks/ImageIO.framework/Versions/A/Resources/libRadiance.dylib
0x00007fff6c393000 	/usr/lib/libexpat.1.dylib
0x00007fff47fe0000 	/System/Library/PrivateFrameworks/AppleJPEG.framework/Versions/A/AppleJPEG
0x00007fff50c9b000 	/System/Library/PrivateFrameworks/FontServices.framework/libFontParser.dylib
0x00007fff67540000 	/System/Library/PrivateFrameworks/WatchdogClient.framework/Versions/A/WatchdogClient
0x00007fff59282000 	/System/Library/PrivateFrameworks/IOAccelerator.framework/Versions/A/IOAccelerator
0x00007fff39fd9000 	/System/Library/Frameworks/MetalPerformanceShaders.framework/Versions/A/MetalPerformanceShaders
0x00007fff55a18000 	/System/Library/PrivateFrameworks/GPUWrangler.framework/Versions/A/GPUWrangler
0x00007fff59297000 	/System/Library/PrivateFrameworks/IOPresentment.framework/Versions/A/IOPresentment
0x00007fff4e51b000 	/System/Library/PrivateFrameworks/DSExternalDisplay.framework/Versions/A/DSExternalDisplay
0x00007fff3e5e8000 	/System/Library/Frameworks/OpenGL.framework/Versions/A/Libraries/libCoreFSCache.dylib
0x00007fff39d25000 	/System/Library/Frameworks/MetalPerformanceShaders.framework/Frameworks/MPSCore.framework/Versions/A/MPSCore
0x00007fff39d63000 	/System/Library/Frameworks/MetalPerformanceShaders.framework/Frameworks/MPSImage.framework/Versions/A/MPSImage
0x00007fff39e2a000 	/System/Library/Frameworks/MetalPerformanceShaders.framework/Frameworks/MPSNeuralNetwork.framework/Versions/A/MPSNeuralNetwork
0x00007fff39dee000 	/System/Library/Frameworks/MetalPerformanceShaders.framework/Frameworks/MPSMatrix.framework/Versions/A/MPSMatrix
0x00007fff39f89000 	/System/Library/Frameworks/MetalPerformanceShaders.framework/Frameworks/MPSRayIntersector.framework/Versions/A/MPSRayIntersector
0x00007fff39e14000 	/System/Library/Frameworks/MetalPerformanceShaders.framework/Frameworks/MPSNDArray.framework/Versions/A/MPSNDArray
0x00007fff5b100000 	/System/Library/PrivateFrameworks/MetalTools.framework/Versions/A/MetalTools
0x00007fff4728f000 	/System/Library/PrivateFrameworks/AggregateDictionary.framework/Versions/A/AggregateDictionary
0x00007fff4beae000 	/System/Library/PrivateFrameworks/CoreAnalytics.framework/Versions/A/CoreAnalytics
0x00007fff48417000 	/System/Library/PrivateFrameworks/AppleSauce.framework/Versions/A/AppleSauce
0x00007fff6b351000 	/usr/lib/libIOReport.dylib
0x00007fff366da000 	/System/Library/Frameworks/CoreVideo.framework/Versions/A/CoreVideo
0x00007fff56e91000 	/System/Library/PrivateFrameworks/GraphVisualizer.framework/Versions/A/GraphVisualizer
0x00007fff501e1000 	/System/Library/PrivateFrameworks/FaceCore.framework/Versions/A/FaceCore
0x00007fff3dbfe000 	/System/Library/Frameworks/OpenCL.framework/Versions/A/OpenCL
0x00007fff6b173000 	/usr/lib/libFosl_dynamic.dylib
0x00007fff5c5d6000 	/System/Library/PrivateFrameworks/OTSVG.framework/Versions/A/OTSVG
0x00007fff3288f000 	/System/Library/Frameworks/ApplicationServices.framework/Versions/A/Frameworks/ATS.framework/Versions/A/Resources/libFontRegistry.dylib
0x00007fff50e6c000 	/System/Library/PrivateFrameworks/FontServices.framework/libhvf.dylib
0x00007fff3e5f3000 	/System/Library/Frameworks/OpenGL.framework/Versions/A/Libraries/libGFXShared.dylib
0x00007fff3e7d1000 	/System/Library/Frameworks/OpenGL.framework/Versions/A/Libraries/libGLU.dylib
0x00007fff3e5fc000 	/System/Library/Frameworks/OpenGL.framework/Versions/A/Libraries/libGL.dylib
0x00007fff3e607000 	/System/Library/Frameworks/OpenGL.framework/Versions/A/Libraries/libGLImage.dylib
0x00007fff3e5e5000 	/System/Library/Frameworks/OpenGL.framework/Versions/A/Libraries/libCVMSPluginSupport.dylib
0x00007fff3e5ee000 	/System/Library/Frameworks/OpenGL.framework/Versions/A/Libraries/libCoreVMClient.dylib
0x00007fff6cde5000 	/usr/lib/libncurses.5.4.dylib
0x00007fff3278b000 	/System/Library/Frameworks/ApplicationServices.framework/Versions/A/Frameworks/ATS.framework/Versions/A/ATS
0x00007fff32958000 	/System/Library/Frameworks/ApplicationServices.framework/Versions/A/Frameworks/ColorSyncLegacy.framework/Versions/A/ColorSyncLegacy
0x00007fff329f6000 	/System/Library/Frameworks/ApplicationServices.framework/Versions/A/Frameworks/HIServices.framework/Versions/A/HIServices
0x00007fff32a4e000 	/System/Library/Frameworks/ApplicationServices.framework/Versions/A/Frameworks/LangAnalysis.framework/Versions/A/LangAnalysis
0x00007fff32a5d000 	/System/Library/Frameworks/ApplicationServices.framework/Versions/A/Frameworks/PrintCore.framework/Versions/A/PrintCore
0x00007fff32aa3000 	/System/Library/Frameworks/ApplicationServices.framework/Versions/A/Frameworks/QD.framework/Versions/A/QD
0x00007fff32aae000 	/System/Library/Frameworks/ApplicationServices.framework/Versions/A/Frameworks/SpeechSynthesis.framework/Versions/A/SpeechSynthesis
0x00007fff32928000 	/System/Library/Frameworks/ApplicationServices.framework/Versions/A/Frameworks/ATSUI.framework/Versions/A/ATSUI
0x00007fff6c229000 	/usr/lib/libcups.2.dylib
0x00007fff39074000 	/System/Library/Frameworks/Kerberos.framework/Versions/A/Kerberos
0x00007fff371b6000 	/System/Library/Frameworks/GSS.framework/Versions/A/GSS
0x00007fff6d568000 	/usr/lib/libresolv.9.dylib
0x00007fff5703e000 	/System/Library/PrivateFrameworks/Heimdal.framework/Versions/A/Heimdal
0x00007fff39087000 	/System/Library/Frameworks/Kerberos.framework/Versions/A/Libraries/libHeimdalProxy.dylib
0x00007fff6c3d0000 	/usr/lib/libheimdal-asn1.dylib
0x00007fff4b346000 	/System/Library/PrivateFrameworks/CommonAuth.framework/Versions/A/CommonAuth
0x00007fff48595000 	/System/Library/PrivateFrameworks/AssertionServices.framework/Versions/A/AssertionServices
0x00007fff49138000 	/System/Library/PrivateFrameworks/AudioToolboxCore.framework/Versions/A/AudioToolboxCore
0x00007fff681ee000 	/System/Library/PrivateFrameworks/caulk.framework/Versions/A/caulk
0x00007fff49701000 	/System/Library/PrivateFrameworks/BaseBoard.framework/Versions/A/BaseBoard
0x00007fff60839000 	/System/Library/PrivateFrameworks/RunningBoardServices.framework/Versions/A/RunningBoardServices
0x00007fff5d84a000 	/System/Library/PrivateFrameworks/PersistentConnection.framework/Versions/A/PersistentConnection
0x00007fff60232000 	/System/Library/PrivateFrameworks/ProtocolBuffer.framework/Versions/A/ProtocolBuffer
0x00007fff4b36a000 	/System/Library/PrivateFrameworks/CommonUtilities.framework/Versions/A/CommonUtilities
0x00007fff4988f000 	/System/Library/PrivateFrameworks/Bom.framework/Versions/A/Bom
0x00007fff6b024000 	/usr/lib/libAudioToolboxUtility.dylib
0x00007fff4965f000 	/System/Library/PrivateFrameworks/Backup.framework/Versions/A/Backup
0x00007fff4e43c000 	/System/Library/PrivateFrameworks/CrashReporterSupport.framework/Versions/A/CrashReporterSupport
0x00007fff622cb000 	/System/Library/PrivateFrameworks/Sharing.framework/Versions/A/Sharing
0x00007fff47ba3000 	/System/Library/PrivateFrameworks/Apple80211.framework/Versions/A/Apple80211
0x00007fff4937c000 	/System/Library/PrivateFrameworks/AuthKit.framework/Versions/A/AuthKit
0x00007fff4e149000 	/System/Library/PrivateFrameworks/CoreUtils.framework/Versions/A/CoreUtils
0x00007fff3671f000 	/System/Library/Frameworks/CoreWLAN.framework/Versions/A/CoreWLAN
0x00007fff37343000 	/System/Library/Frameworks/IOBluetooth.framework/Versions/A/IOBluetooth
0x00007fff5b405000 	/System/Library/PrivateFrameworks/MobileKeyBag.framework/Versions/A/MobileKeyBag
0x00007fff4cf4e000 	/System/Library/PrivateFrameworks/CorePhoneNumbers.framework/Versions/A/CorePhoneNumbers
0x00007fff47f93000 	/System/Library/PrivateFrameworks/AppleIDAuthSupport.framework/Versions/A/AppleIDAuthSupport
0x00007fff3b075000 	/System/Library/Frameworks/Network.framework/Versions/A/Network
0x00007fff59ad3000 	/System/Library/PrivateFrameworks/KeychainCircle.framework/Versions/A/KeychainCircle
0x00007fff34170000 	/System/Library/Frameworks/CoreBluetooth.framework/Versions/A/CoreBluetooth
0x00007fff6434a000 	/System/Library/PrivateFrameworks/SpeechRecognitionCore.framework/Versions/A/SpeechRecognitionCore
0x0000000108c00000 	/Library/Java/JavaVirtualMachines/jdk1.8.0_261.jdk/Contents/Home/jre/lib/server/libjvm.dylib
0x0000000109a0c000 	/Library/Java/JavaVirtualMachines/jdk1.8.0_261.jdk/Contents/Home/jre/lib/libverify.dylib
0x0000000109a1d000 	/Library/Java/JavaVirtualMachines/jdk1.8.0_261.jdk/Contents/Home/jre/lib/libjava.dylib
0x0000000109a50000 	/Library/Java/JavaVirtualMachines/jdk1.8.0_261.jdk/Contents/Home/jre/lib/libinstrument.dylib
0x0000000109abe000 	/Library/Java/JavaVirtualMachines/jdk1.8.0_261.jdk/Contents/Home/jre/lib/libzip.dylib
0x0000000120121000 	/Library/Java/JavaVirtualMachines/jdk1.8.0_261.jdk/Contents/Home/jre/lib/libnet.dylib
0x00000001201d1000 	/Library/Java/JavaVirtualMachines/jdk1.8.0_261.jdk/Contents/Home/jre/lib/libprism_es2.dylib
0x00007fff4d967000 	/System/Library/PrivateFrameworks/CoreServicesInternal.framework/Versions/A/CoreServicesInternal
0x00007fff3f259000 	/System/Library/Frameworks/OpenGL.framework/Versions/A/Resources/GLEngine.bundle/GLEngine
0x00007fff3e63c000 	/System/Library/Frameworks/OpenGL.framework/Versions/A/Libraries/libGLProgrammability.dylib
0x00007fff299c6000 	/System/Library/Extensions/AppleIntelBDWGraphicsGLDriver.bundle/Contents/MacOS/AppleIntelBDWGraphicsGLDriver
0x00007fff55a0c000 	/System/Library/PrivateFrameworks/GPUSupport.framework/Versions/A/Libraries/libGPUSupportMercury.dylib
0x00007fff3f3d3000 	/System/Library/Frameworks/OpenGL.framework/Versions/A/Resources/GLRendererFloat.bundle/GLRendererFloat
0x00007fff3dbf5000 	/System/Library/Frameworks/OpenCL.framework/Versions/A/Libraries/libcldcpuengine.dylib
0x00000001206a9000 	/Library/Java/JavaVirtualMachines/jdk1.8.0_261.jdk/Contents/Home/jre/lib/libglass.dylib
0x00007fff36c3e000 	/System/Library/Frameworks/FileProvider.framework/Versions/A/FileProvider
0x00007fff317d1000 	/System/Library/Frameworks/Accounts.framework/Versions/A/Accounts
0x00007fff55d3d000 	/System/Library/PrivateFrameworks/GenerationalStorage.framework/Versions/A/GenerationalStorage
0x00007fff4deee000 	/System/Library/PrivateFrameworks/CoreSymbolication.framework/Versions/A/CoreSymbolication
0x00007fff64b8c000 	/System/Library/PrivateFrameworks/SymptomDiagnosticReporter.framework/Versions/A/SymptomDiagnosticReporter
0x00007fff476a7000 	/System/Library/PrivateFrameworks/AppContainer.framework/Versions/A/AppContainer
0x00007fff6d582000 	/usr/lib/libsandbox.1.dylib
0x00007fff664e4000 	/System/Library/PrivateFrameworks/UserManagement.framework/Versions/A/UserManagement
0x00007fff4a44b000 	/System/Library/PrivateFrameworks/ChunkingLibrary.framework/Versions/A/ChunkingLibrary
0x00007fff4e670000 	/System/Library/PrivateFrameworks/DebugSymbols.framework/Versions/A/DebugSymbols
0x00007fff47719000 	/System/Library/PrivateFrameworks/AppSandbox.framework/Versions/A/AppSandbox
0x00007fff62155000 	/System/Library/PrivateFrameworks/SecCodeWrapper.framework/Versions/A/SecCodeWrapper
0x00007fff6b439000 	/usr/lib/libMatch.1.dylib
0x00007fff277b9000 	/System/Library/CoreServices/RawCamera.bundle/Contents/MacOS/RawCamera
0x00007fff5b22f000 	/System/Library/PrivateFrameworks/MobileAsset.framework/Versions/A/MobileAsset
0x00007fff64a34000 	/System/Library/PrivateFrameworks/StreamingZip.framework/Versions/A/StreamingZip
0x00007fff394ef000 	/System/Library/Frameworks/MediaToolbox.framework/Versions/A/MediaToolbox
0x00007fff4be5e000 	/System/Library/PrivateFrameworks/CoreAVCHD.framework/Versions/A/CoreAVCHD
0x00007fff39419000 	/System/Library/Frameworks/MediaAccessibility.framework/Versions/A/MediaAccessibility
0x00007fff5a5e3000 	/System/Library/PrivateFrameworks/Mangrove.framework/Versions/A/Mangrove
0x00007fff358e7000 	/System/Library/Frameworks/CoreMedia.framework/Versions/A/CoreMedia
0x00007fff5a84f000 	/System/Library/PrivateFrameworks/MediaExperience.framework/Versions/A/MediaExperience
0x00007fff423c5000 	/System/Library/Frameworks/VideoToolbox.framework/Versions/A/VideoToolbox
0x00007fff4ba88000 	/System/Library/PrivateFrameworks/CoreAUC.framework/Versions/A/CoreAUC
0x00007fff6d5da000 	/usr/lib/libspindump.dylib
0x00007fff48ae7000 	/System/Library/PrivateFrameworks/AudioResourceArbitration.framework/Versions/A/AudioResourceArbitration
0x00007fff484fc000 	/System/Library/PrivateFrameworks/AppleVA.framework/Versions/A/AppleVA
0x00007fff3034f000 	/System/Library/Frameworks/Accelerate.framework/Versions/A/Frameworks/vImage.framework/Versions/A/Libraries/libCGInterfaces.dylib
0x00000001211da000 	/usr/lib/libobjc-trampolines.dylib
0x00007fff672b0000 	/System/Library/PrivateFrameworks/ViewBridge.framework/Versions/A/ViewBridge
0x00007fff50dd3000 	/System/Library/PrivateFrameworks/FontServices.framework/libTrueTypeScaler.dylib
0x00007fff29ec7000 	/System/Library/Extensions/AppleIntelBDWGraphicsMTLDriver.bundle/Contents/MacOS/AppleIntelBDWGraphicsMTLDriver
0x0000000122d72000 	/Library/Java/JavaVirtualMachines/jdk1.8.0_261.jdk/Contents/Home/jre/lib/libnio.dylib
0x00007fff5435d000 	/System/Library/PrivateFrameworks/GPUCompiler.framework/Versions/3902/Libraries/libmetal_timestamp.dylib
0x0000000123270000 	/private/var/folders/yk/kyymdw192_lffh7_g9tn_1r00000gn/T/opencv_openpnp1312973546558389720/nu/pattern/opencv/osx/x86_64/libopencv_java320.dylib
0x00007fff2ff66000 	/System/Library/Frameworks/AVFoundation.framework/Versions/A/AVFoundation
0x00007fff30162000 	/System/Library/Frameworks/AVFoundation.framework/Versions/A/Frameworks/AVFAudio.framework/Versions/A/AVFAudio
0x00007fff359c3000 	/System/Library/Frameworks/CoreMediaIO.framework/Versions/A/CoreMediaIO
0x00007fff6b017000 	/usr/lib/libAudioStatistics.dylib
0x00007fff68586000 	/System/Library/PrivateFrameworks/perfdata.framework/Versions/A/perfdata
0x00007fff6d524000 	/usr/lib/libperfcheck.dylib
0x00007fff6b50f000 	/usr/lib/libSMC.dylib
0x00000001256cf000 	/System/Library/Extensions/AppleHDA.kext/Contents/PlugIns/AppleHDAHALPlugIn.bundle/Contents/MacOS/AppleHDAHALPlugIn
0x00000001256dc000 	/System/Library/Frameworks/CoreMediaIO.framework/Resources/AppleCamera.plugin/Contents/MacOS/AppleCamera
0x00007fff68541000 	/System/Library/PrivateFrameworks/login.framework/Versions/A/login
0x0000000125706000 	/System/Library/Frameworks/CoreMediaIO.framework/Resources/BaseUnits/CMIOBaseUnits.bundle/Contents/MacOS/CMIOBaseUnits
0x0000000125856000 	/System/Library/Frameworks/CoreMediaIO.framework/Resources/CMIOUnits.bundle/Contents/MacOS/CMIOUnits
0x00007fff501cb000 	/System/Library/PrivateFrameworks/FWAVC.framework/Versions/A/FWAVC
0x00007fff33341000 	/System/Library/Frameworks/Carbon.framework/Versions/A/Carbon
0x00007fff33342000 	/System/Library/Frameworks/Carbon.framework/Versions/A/Frameworks/CommonPanels.framework/Versions/A/CommonPanels
0x00007fff3363b000 	/System/Library/Frameworks/Carbon.framework/Versions/A/Frameworks/Help.framework/Versions/A/Help
0x00007fff3363f000 	/System/Library/Frameworks/Carbon.framework/Versions/A/Frameworks/ImageCapture.framework/Versions/A/ImageCapture
0x00007fff33646000 	/System/Library/Frameworks/Carbon.framework/Versions/A/Frameworks/OpenScripting.framework/Versions/A/OpenScripting
0x00007fff33645000 	/System/Library/Frameworks/Carbon.framework/Versions/A/Frameworks/Ink.framework/Versions/A/Ink
0x00007fff33681000 	/System/Library/Frameworks/Carbon.framework/Versions/A/Frameworks/Print.framework/Versions/A/Print
0x00007fff33682000 	/System/Library/Frameworks/Carbon.framework/Versions/A/Frameworks/SecurityHI.framework/Versions/A/SecurityHI
0x000000012592e000 	/System/Library/Components/AudioCodecs.component/Contents/MacOS/AudioCodecs
0x00007fff47e95000 	/System/Library/PrivateFrameworks/AppleGVA.framework/Versions/A/AppleGVA
0x0000000125fa6000 	/Library/Java/JavaVirtualMachines/jdk1.8.0_261.jdk/Contents/Home/jre/lib/libawt.dylib
0x0000000126046000 	/Library/Java/JavaVirtualMachines/jdk1.8.0_261.jdk/Contents/Home/jre/lib/libmlib_image.dylib
0x00007fff3905e000 	/System/Library/Frameworks/JavaVM.framework/Versions/A/Frameworks/JavaNativeFoundation.framework/Versions/A/JavaNativeFoundation
0x00007fff39067000 	/System/Library/Frameworks/JavaVM.framework/Versions/A/Frameworks/JavaRuntimeSupport.framework/Versions/A/JavaRuntimeSupport
0x00007fff3906f000 	/System/Library/Frameworks/JavaVM.framework/Versions/A/JavaVM
0x00007fff598ea000 	/System/Library/PrivateFrameworks/JavaLaunching.framework/Versions/A/JavaLaunching
0x0000000126105000 	/Library/Java/JavaVirtualMachines/jdk1.8.0_261.jdk/Contents/Home/jre/lib/libawt_lwawt.dylib
0x00000001261b4000 	/Library/Java/JavaVirtualMachines/jdk1.8.0_261.jdk/Contents/Home/jre/lib/libosxapp.dylib
0x00007fff36c1f000 	/System/Library/Frameworks/ExceptionHandling.framework/Versions/A/ExceptionHandling
0x0000000126f53000 	/Library/Java/JavaVirtualMachines/jdk1.8.0_261.jdk/Contents/Home/jre/lib/libjavafx_font.dylib

VM Arguments:
jvm_args: -javaagent:/Applications/IntelliJ IDEA.app/Contents/lib/idea_rt.jar=57125:/Applications/IntelliJ IDEA.app/Contents/bin -Dfile.encoding=UTF-8 
java_command: jyothi.update
java_class_path (initial): /Library/Java/JavaVirtualMachines/jdk1.8.0_261.jdk/Contents/Home/jre/lib/charsets.jar:/Library/Java/JavaVirtualMachines/jdk1.8.0_261.jdk/Contents/Home/jre/lib/deploy.jar:/Library/Java/JavaVirtualMachines/jdk1.8.0_261.jdk/Contents/Home/jre/lib/ext/cldrdata.jar:/Library/Java/JavaVirtualMachines/jdk1.8.0_261.jdk/Contents/Home/jre/lib/ext/dnsns.jar:/Library/Java/JavaVirtualMachines/jdk1.8.0_261.jdk/Contents/Home/jre/lib/ext/jaccess.jar:/Library/Java/JavaVirtualMachines/jdk1.8.0_261.jdk/Contents/Home/jre/lib/ext/jfxrt.jar:/Library/Java/JavaVirtualMachines/jdk1.8.0_261.jdk/Contents/Home/jre/lib/ext/localedata.jar:/Library/Java/JavaVirtualMachines/jdk1.8.0_261.jdk/Contents/Home/jre/lib/ext/nashorn.jar:/Library/Java/JavaVirtualMachines/jdk1.8.0_261.jdk/Contents/Home/jre/lib/ext/sunec.jar:/Library/Java/JavaVirtualMachines/jdk1.8.0_261.jdk/Contents/Home/jre/lib/ext/sunjce_provider.jar:/Library/Java/JavaVirtualMachines/jdk1.8.0_261.jdk/Contents/Home/jre/lib/ext/sunpkcs11.jar:/Library/Java/JavaVirtualMachines/jdk1.8.0_261.jdk/Contents/Home/jre/lib/ext/zipfs.jar:/Library/Java/JavaVirtualMachines/jdk1.8.0_261.jdk/Contents/Home/jre/lib/javaws.jar:/Library/Java/JavaVirtualMachines/jdk1.8.0_261.jdk/Contents/Home/jre/lib/jce.jar:/Library/Java/JavaVirtualMachines/jdk1.8.0_261.jdk/Contents/Home/jre/lib/jfr.jar:/Library/Java/JavaVirtualMachines/jdk1.8.0_261.jdk/Contents/Home/jre/lib/jfxswt.jar:/Library/Java/JavaVirtualMachines/jdk1.8.0_261.jdk/Contents/Home/jre/lib/jsse.jar:/Library/Java/JavaVirtualMachines/jdk1.8.0_261.jdk/Contents/Home/jre/lib/management-agent.jar:/Library/Java/JavaVirtualMachines/jdk1.8.0_261.jdk/Contents/Home/jre/lib/plugin.jar:/Library/Java/JavaVirtualMachines/jdk1.8.0_261.jdk/Contents/Home/jre/lib/resources.jar:/Library/Java/JavaVirtualMachines/jdk1.8.0_261.jdk/Contents/Home/jre/lib/rt.jar:/Library/Java/JavaVirtualMachines/jdk1.8.0_261.jdk/Contents/Home/lib/ant-javafx.jar:/Library/Java/JavaVirtualMachines/jdk1.8.0_261.jdk/Contents/Home
Launcher Type: SUN_STANDARD

Environment Variables:
PATH=/usr/local/bin:/usr/bin:/bin:/usr/sbin:/sbin
SHELL=/bin/zsh

Signal Handlers:
SIGSEGV: [libjvm.dylib+0x5a009b], sa_mask[0]=11111111011111110111111111111111, sa_flags=SA_ONSTACK|SA_RESTART|SA_SIGINFO
SIGBUS: [libjvm.dylib+0x5a009b], sa_mask[0]=11111111011111110111111111111111, sa_flags=SA_RESTART|SA_SIGINFO
SIGFPE: [libjvm.dylib+0x490c6d], sa_mask[0]=11111111011111110111111111111111, sa_flags=SA_RESTART|SA_SIGINFO
SIGPIPE: [libjvm.dylib+0x490c6d], sa_mask[0]=11111111011111110111111111111111, sa_flags=SA_RESTART|SA_SIGINFO
SIGXFSZ: [libjvm.dylib+0x490c6d], sa_mask[0]=11111111011111110111111111111111, sa_flags=SA_RESTART|SA_SIGINFO
SIGILL: [libjvm.dylib+0x490c6d], sa_mask[0]=11111111011111110111111111111111, sa_flags=SA_RESTART|SA_SIGINFO
SIGUSR1: SIG_DFL, sa_mask[0]=00000000000000000000000000000000, sa_flags=none
SIGUSR2: [libjvm.dylib+0x491566], sa_mask[0]=00100000000000000000000000000000, sa_flags=SA_RESTART|SA_SIGINFO
SIGHUP: [libjvm.dylib+0x48f775], sa_mask[0]=11111111011111110111111111111111, sa_flags=SA_RESTART|SA_SIGINFO
SIGINT: [libjvm.dylib+0x48f775], sa_mask[0]=11111111011111110111111111111111, sa_flags=SA_RESTART|SA_SIGINFO
SIGTERM: [libjvm.dylib+0x48f775], sa_mask[0]=11111111011111110111111111111111, sa_flags=SA_RESTART|SA_SIGINFO
SIGQUIT: [libjvm.dylib+0x48f775], sa_mask[0]=11111111011111110111111111111111, sa_flags=SA_RESTART|SA_SIGINFO


---------------  S Y S T E M  ---------------

OS:Bsduname:Darwin 19.6.0 Darwin Kernel Version 19.6.0: Thu Jun 18 20:49:00 PDT 2020; root:xnu-6153.141.1~1/RELEASE_X86_64 x86_64
rlimit: STACK 8192k, CORE 0k, NPROC 1392, NOFILE 10240, AS infinity
load average:9.37 6.23 5.58

CPU:total 4 (initial active 4) (2 cores per cpu, 2 threads per learning.core) family 6 model 61 stepping 4, cmov, cx8, fxsr, mmx, sse, sse2, sse3, ssse3, sse4.1, sse4.2, popcnt, avx, avx2, aes, clmul, erms, rtm, 3dnowpref, lzcnt, ht, tsc, tscinvbit, bmi1, bmi2, adx

Memory: 4k page, physical 8388608k(38736k free)

/proc/meminfo:


vm_info: Java HotSpot(TM) 64-Bit Server VM (25.261-b12) for bsd-amd64 JRE (1.8.0_261-b12), built on Jun 18 2020 06:38:55 by "java_re" with gcc 4.2.1 Compatible Apple LLVM 10.0.0 (clang-1000.11.45.5)

time: Tue Sep 22 10:52:02 2020
timezone: IST
elapsed time: 5 seconds (0d 0h 0m 5s)

